<?xml version="1.0" encoding="UTF-8"?>
<!-- Generated by org.testng.reporters.JUnitReportReporter -->
<testsuite hostname="DESKTOP-G3JJQCP" failures="0" tests="1" name="com.nixonex.tests.CompleteTest" time="48.968" errors="0" timestamp="2024-12-29T16:03:25 IST" skipped="0">
  <testcase classname="com.nixonex.tests.CompleteTest" name="testCompleteWorkflow" time="48.968"/>
  <system-out/>
</testsuite> <!-- com.nixonex.tests.CompleteTest -->
